====START OF DERECHO REGRESSION TESTING LOG====

UFSWM hash used in testing:
4b57225eb30fae49426ceaa4ee663856968b1363

Submodule hashes used in testing:
 37cbb7d6840ae7515a9a8f0dfd4d89461b3396d1 AQM (v0.2.0-37-g37cbb7d)
 be5d28fd1b60522e6fc98aefeead20e6aac3530b AQM/src/model/CMAQ (CMAQv5.2.1_07Feb2018-198-gbe5d28fd1)
 2eccb9f74ebd8dfc09b53d15f5a96c847b77c443 CDEPS-interface/CDEPS (cdeps0.4.17-310-g2eccb9f)
 4411a158cc4839157e3087d7fe8e399f9685eb35 CICE-interface/CICE (CICE6.0.0-399-g4411a15)
 43ead56380bf11ecad66f165dcd736ed0c278763 CICE-interface/CICE/icepack (Icepack1.1.0-200-g43ead56)
 cdbed6c48c2626e67ee5c071947d991e6f0fbc2e CMEPS-interface/CMEPS (cmeps_v0.4.1-2314-gcdbed6c)
 cabd7753ae17f7bfcc6dad56daf10868aa51c3f4 CMakeModules (v1.0.0-28-gcabd775)
 bb7678397a36223351d7aa356b3cf03f3d146d3d FV3 (remotes/origin/mr2_rst)
 127a341d126a6225a52eed61c4e866e1af82005f FV3/atmos_cubed_sphere (201912_public_release-414-g127a341)
 9e1c3abe1048c0f18c53fdbb7113bc56a129bdf5 FV3/ccpp/framework (2024-07-11-dev-2-g9e1c3ab)
 7f07d33741c7e9d7b1e011750907c620d9178331 FV3/ccpp/physics (master-tag-before-replacing-with-ipd-setup-step-fast-5862-g7f07d337)
 74a0e098b2163425e4b5466c2dfcf8ae26d560a5 FV3/ccpp/physics/physics/Radiation/RRTMGP/rte-rrtmgp (v1.6)
 d1f616733919c183a796e9c4d8207c712c62b095 FV3/upp (upp_v10.2.0-256-gd1f61673)
-179cae1dd84401cf25d250bd9102e66560a9d328 FV3/upp/sorc/libIFI.fd
-529f870d33b65c3b6c1aa3c3236b94efc3bd336d FV3/upp/sorc/ncep_post.fd/post_gtg.fd
 041422934cae1570f2f0e67239d5d89f11c6e1b7 GOCART (sdr_v2.1.2.6-119-g0414229)
 bcf7777bb037ae2feb2a8a8ac51aacb3511b52d9 HYCOM-interface/HYCOM (2.3.00-122-gbcf7777)
 c4d2337d8607ec994b3cd61179eb974e0a237841 LM4-driver (baseline_change_240904-6-gc4d2337)
 c03c4f68816030f726785daf0db6150aa1e9cc6f LM4-driver/LM4 (land_lad2_2021.02)
 6fff0955a123c1dea8d70f31271e13d320ff8552 MOM6-interface/MOM6 (dev/master/repository_split_2014.10.10-10366-g6fff0955a)
 9423197f894112edfcb1502245f7d7b873d551f9 MOM6-interface/MOM6/pkg/CVMix-src (9423197)
 29e64d652786e1d076a05128c920f394202bfe10 MOM6-interface/MOM6/pkg/GSW-Fortran (29e64d6)
 1a2d2fcb02da38e975f252ef743af24b68b3cc7f NOAHMP-interface/noahmp (v3.7.1-455-g1a2d2fc)
 f1f14d582835ef77626aaf44146a53d60920a0f7 WW3 (6.07.1-386-gf1f14d58)
 05cad173feeb598431e3ef5f17c2df6562c8d101 fire_behavior (v0.2.0-1-g05cad17)
 fad2fe9f42f6b7f744b128b4a2a9433f91e4296f stochastic_physics (ufs-v2.0.0-219-gfad2fe9)

NOTES:
[Times](Memory) are at the end of each compile/test in format [MM:SS](Size).
The first time is for the full script (prep+run+finalize).
The second time is specifically for the run phase.
Times/Memory will be empty for failed tests.

BASELINE DIRECTORY: /glade/derecho/scratch/epicufsrt/ufs-weather-model/RT//NEMSfv3gfs/develop-20250303
COMPARISON DIRECTORY: /glade/derecho/scratch/jongkim/FV3_RT/rt_49017

RT.SH OPTIONS USED:
* (-a) - HPC PROJECT ACCOUNT: nral0032
* (-e) - USE ECFLOW

PASS -- COMPILE 's2swa_32bit_intel' [26:18, 21:32] ( 6 warnings 10 remarks )
PASS -- TEST 'cpld_control_p8_mixedmode_intel' [12:30, 06:28](3208 MB)

PASS -- COMPILE 's2swa_32bit_pdlib_intel' [27:17, 23:21] ( 6 warnings 10 remarks )
PASS -- TEST 'cpld_control_gfsv17_intel' [19:54, 13:50](1916 MB)
PASS -- TEST 'cpld_control_gfsv17_iau_intel' [20:11, 14:43](1947 MB)
PASS -- TEST 'cpld_restart_gfsv17_intel' [14:00, 06:54](1078 MB)
PASS -- TEST 'cpld_mpi_gfsv17_intel' [21:03, 15:34](1878 MB)

PASS -- COMPILE 's2swa_32bit_pdlib_sfs_intel' [27:39, 23:31] ( 6 warnings 10 remarks )
PASS -- TEST 'cpld_control_sfs_intel' [18:41, 13:34](1911 MB)

PASS -- COMPILE 's2swa_32bit_pdlib_debug_intel' [16:22, 11:46] ( 1528 warnings 1898 remarks )
FAILED: RUN DID NOT COMPLETE -- TEST 'cpld_debug_gfsv17_intel' [, ]( MB)

PASS -- COMPILE 's2swa_intel' [26:18, 21:35] ( 6 warnings 10 remarks )
PASS -- TEST 'cpld_control_p8_intel' [14:47, 08:02](3225 MB)
PASS -- TEST 'cpld_control_p8.v2.sfc_intel' [14:41, 08:16](3225 MB)
PASS -- TEST 'cpld_restart_p8_intel' [11:30, 04:51](3151 MB)
PASS -- TEST 'cpld_control_qr_p8_intel' [14:29, 08:02](3251 MB)
PASS -- TEST 'cpld_restart_qr_p8_intel' [11:47, 04:46](3176 MB)
PASS -- TEST 'cpld_2threads_p8_intel' [20:07, 13:44](3808 MB)
PASS -- TEST 'cpld_decomp_p8_intel' [14:20, 08:10](3216 MB)
PASS -- TEST 'cpld_mpi_p8_intel' [12:21, 06:32](3536 MB)
PASS -- TEST 'cpld_control_ciceC_p8_intel' [14:40, 08:00](3244 MB)
PASS -- TEST 'cpld_control_c192_p8_intel' [16:41, 08:46](3817 MB)
PASS -- TEST 'cpld_restart_c192_p8_intel' [14:21, 06:20](3621 MB)

PASS -- COMPILE 's2swal_intel' [26:19, 21:52] ( 6 warnings 11 remarks )
PASS -- TEST 'cpld_control_p8_lnd_intel' [14:36, 08:16](3228 MB)
PASS -- TEST 'cpld_restart_p8_lnd_intel' [11:41, 04:53](3154 MB)
PASS -- TEST 'cpld_s2sa_p8_intel' [13:59, 07:52](3203 MB)

PASS -- COMPILE 's2sw_intel' [24:55, 19:58] ( 6 warnings 10 remarks )
PASS -- TEST 'cpld_control_noaero_p8_intel' [09:35, 04:40](1928 MB)
PASS -- TEST 'cpld_control_nowave_noaero_p8_intel' [13:20, 06:59](2003 MB)

PASS -- COMPILE 's2swa_debug_intel' [16:29, 11:46] ( 1418 warnings 1159 remarks )
FAILED: RUN DID NOT COMPLETE -- TEST 'cpld_debug_p8_intel' [, ]( MB)

PASS -- COMPILE 's2sw_debug_intel' [14:27, 11:02] ( 1418 warnings 1159 remarks )
FAILED: RUN DID NOT COMPLETE -- TEST 'cpld_debug_noaero_p8_intel' [, ]( MB)

PASS -- COMPILE 's2s_aoflux_intel' [20:59, 16:09] ( 5 warnings 3 remarks )
FAILED: RUN DID NOT COMPLETE -- TEST 'cpld_control_noaero_p8_agrid_intel' [, ]( MB)

PASS -- COMPILE 's2s_intel' [20:24, 16:58] ( 6 warnings 3 remarks )
PASS -- TEST 'cpld_control_c48_intel' [10:48, 05:45](2896 MB)
PASS -- TEST 'cpld_warmstart_c48_intel' [07:46, 02:06](2897 MB)
FAILED: RUN DID NOT COMPLETE -- TEST 'cpld_restart_c48_intel' [, ]( MB)

PASS -- COMPILE 's2swa_faster_intel' [28:56, 24:11] ( 6 warnings 10 remarks )
PASS -- TEST 'cpld_control_p8_faster_intel' [14:02, 08:01](3232 MB)

PASS -- COMPILE 's2sw_pdlib_intel' [25:21, 21:56] ( 6 warnings 10 remarks )
PASS -- TEST 'cpld_control_pdlib_p8_intel' [19:05, 13:56](1917 MB)
PASS -- TEST 'cpld_restart_pdlib_p8_intel' [13:25, 07:03](1103 MB)
PASS -- TEST 'cpld_mpi_pdlib_p8_intel' [23:02, 15:41](1897 MB)

PASS -- COMPILE 's2sw_pdlib_debug_intel' [14:51, 11:09] ( 1528 warnings 1898 remarks )
PASS -- TEST 'cpld_debug_pdlib_p8_intel' [30:43, 24:17](1951 MB)

PASS -- COMPILE 'atm_dyn32_intel' [19:06, 14:24] ( 6 warnings 1 remarks )
PASS -- TEST 'control_flake_intel' [07:42, 03:27](671 MB)
PASS -- TEST 'control_CubedSphereGrid_intel' [06:06, 02:10](1563 MB)
PASS -- TEST 'control_CubedSphereGrid_parallel_intel' [06:18, 02:10](1574 MB)
PASS -- TEST 'control_latlon_intel' [06:38, 02:09](1569 MB)
PASS -- TEST 'control_wrtGauss_netcdf_parallel_intel' [07:49, 02:09](1566 MB)
PASS -- TEST 'control_c48_intel' [10:26, 05:45](1591 MB)
PASS -- TEST 'control_c48.v2.sfc_intel' [09:45, 05:16](710 MB)
FAILED: RUN DID NOT COMPLETE -- TEST 'control_c48_lnd_iau_intel' [, ]( MB)
PASS -- TEST 'control_c192_intel' [11:15, 06:05](1688 MB)
PASS -- TEST 'control_c384_intel' [15:57, 06:43](2005 MB)
PASS -- TEST 'control_c384gdas_intel' [16:16, 07:12](1184 MB)
PASS -- TEST 'control_stochy_intel' [04:59, 01:27](625 MB)
PASS -- TEST 'control_stochy_restart_intel' [04:39, 00:56](437 MB)
PASS -- TEST 'control_lndp_intel' [04:51, 01:21](625 MB)
PASS -- TEST 'control_iovr4_intel' [07:13, 02:08](620 MB)
PASS -- TEST 'control_iovr5_intel' [07:14, 02:06](622 MB)
FAILED: RUN DID NOT COMPLETE -- TEST 'control_p8_intel' [, ]( MB)
FAILED: RUN DID NOT COMPLETE -- TEST 'control_p8.v2.sfc_intel' [, ]( MB)
PASS -- TEST 'control_p8_ugwpv1_intel' [08:01, 03:01](1864 MB)
FAILED: UNABLE TO START TEST -- TEST 'control_restart_p8_intel' [, ]( MB)
PASS -- TEST 'control_noqr_p8_intel' [07:50, 03:05](1849 MB)
PASS -- TEST 'control_restart_noqr_p8_intel' [06:33, 01:59](1014 MB)
PASS -- TEST 'control_decomp_p8_intel' [07:51, 03:01](1854 MB)
PASS -- TEST 'control_2threads_p8_intel' [09:27, 04:45](1945 MB)
PASS -- TEST 'control_p8_lndp_intel' [08:58, 04:50](1853 MB)
PASS -- TEST 'control_p8_rrtmgp_intel' [08:41, 04:00](1905 MB)
PASS -- TEST 'control_p8_mynn_intel' [07:55, 03:19](1860 MB)
PASS -- TEST 'merra2_thompson_intel' [09:25, 03:29](1855 MB)
PASS -- TEST 'regional_control_intel' [09:39, 04:49](915 MB)
PASS -- TEST 'regional_restart_intel' [06:50, 02:54](920 MB)
PASS -- TEST 'regional_decomp_intel' [09:33, 05:03](918 MB)
PASS -- TEST 'regional_noquilt_intel' [09:36, 04:43](1221 MB)
PASS -- TEST 'regional_netcdf_parallel_intel' [09:22, 04:51](919 MB)
PASS -- TEST 'regional_2dwrtdecomp_intel' [09:19, 04:52](915 MB)
PASS -- TEST 'regional_wofs_intel' [10:05, 05:52](1619 MB)

PASS -- COMPILE 'rrfs_intel' [15:58, 12:47] ( 8 warnings 9 remarks )
PASS -- TEST 'rap_control_intel' [10:49, 06:10](1015 MB)
PASS -- TEST 'regional_spp_sppt_shum_skeb_intel' [08:37, 03:56](1208 MB)
PASS -- TEST 'rap_decomp_intel' [10:49, 06:27](1012 MB)
PASS -- TEST 'rap_2threads_intel' [16:24, 11:25](1092 MB)
PASS -- TEST 'rap_restart_intel' [08:45, 03:16](882 MB)
PASS -- TEST 'rap_sfcdiff_intel' [11:47, 06:07](1015 MB)
PASS -- TEST 'rap_sfcdiff_decomp_intel' [11:47, 06:23](1013 MB)
PASS -- TEST 'rap_sfcdiff_restart_intel' [08:51, 04:42](887 MB)
PASS -- TEST 'hrrr_control_intel' [07:57, 03:13](1011 MB)
PASS -- TEST 'hrrr_control_decomp_intel' [07:57, 03:19](1008 MB)
PASS -- TEST 'hrrr_control_2threads_intel' [10:49, 05:45](1088 MB)
PASS -- TEST 'hrrr_control_restart_intel' [06:29, 01:49](843 MB)
PASS -- TEST 'rrfs_v1beta_intel' [10:53, 06:01](1011 MB)
PASS -- TEST 'rrfs_v1nssl_intel' [13:56, 08:10](1958 MB)
PASS -- TEST 'rrfs_v1nssl_nohailnoccn_intel' [13:50, 07:53](1951 MB)

PASS -- COMPILE 'csawmg_intel' [15:11, 11:40] ( 5 warnings )
PASS -- TEST 'control_csawmg_intel' [11:08, 06:09](967 MB)
PASS -- TEST 'control_ras_intel' [08:14, 02:53](663 MB)

PASS -- COMPILE 'wam_intel' [15:10, 11:33] ( 5 warnings 1 remarks )
PASS -- TEST 'control_wam_intel' [14:41, 10:19](1655 MB)

PASS -- COMPILE 'atm_faster_dyn32_intel' [16:12, 12:09] ( 5 warnings 1 remarks )
PASS -- TEST 'control_p8_faster_intel' [08:37, 03:04](1866 MB)
PASS -- TEST 'regional_control_faster_intel' [08:59, 04:41](917 MB)

PASS -- COMPILE 'atm_debug_dyn32_intel' [18:26, 14:37] ( 887 warnings 9 remarks )
PASS -- TEST 'control_CubedSphereGrid_debug_intel' [06:53, 02:16](1605 MB)
PASS -- TEST 'control_wrtGauss_netcdf_parallel_debug_intel' [06:49, 02:15](1608 MB)
PASS -- TEST 'control_stochy_debug_intel' [06:42, 02:54](811 MB)
PASS -- TEST 'control_lndp_debug_intel' [06:35, 02:36](809 MB)
PASS -- TEST 'control_csawmg_debug_intel' [09:41, 04:30](1117 MB)
PASS -- TEST 'control_ras_debug_intel' [05:30, 02:39](816 MB)
FAILED: RUN DID NOT COMPLETE -- TEST 'control_diag_debug_intel' [, ]( MB)
PASS -- TEST 'control_debug_p8_intel' [06:48, 03:01](1898 MB)
PASS -- TEST 'regional_debug_intel' [21:18, 16:24](951 MB)
PASS -- TEST 'rap_control_debug_intel' [08:56, 04:45](1197 MB)
PASS -- TEST 'hrrr_control_debug_intel' [07:37, 04:36](1196 MB)
PASS -- TEST 'hrrr_gf_debug_intel' [08:30, 04:46](1196 MB)
PASS -- TEST 'hrrr_c3_debug_intel' [08:59, 04:44](1199 MB)
PASS -- TEST 'rap_unified_drag_suite_debug_intel' [08:56, 04:41](1200 MB)
PASS -- TEST 'rap_diag_debug_intel' [11:46, 04:53](1280 MB)
PASS -- TEST 'rap_cires_ugwp_debug_intel' [08:45, 04:47](1195 MB)
PASS -- TEST 'rap_unified_ugwp_debug_intel' [08:42, 04:51](1194 MB)
PASS -- TEST 'rap_lndp_debug_intel' [08:18, 04:47](1202 MB)
PASS -- TEST 'rap_progcld_thompson_debug_intel' [09:34, 04:50](1197 MB)
PASS -- TEST 'rap_noah_debug_intel' [09:18, 04:40](1195 MB)
PASS -- TEST 'rap_sfcdiff_debug_intel' [09:17, 04:50](1199 MB)
PASS -- TEST 'rap_noah_sfcdiff_cires_ugwp_debug_intel' [11:02, 07:33](1198 MB)
PASS -- TEST 'rrfs_v1beta_debug_intel' [09:09, 04:39](1190 MB)
PASS -- TEST 'rap_clm_lake_debug_intel' [09:09, 04:44](1204 MB)
PASS -- TEST 'rap_flake_debug_intel' [09:04, 04:46](1200 MB)
PASS -- TEST 'gnv1_c96_no_nest_debug_intel' [12:52, 08:03](1202 MB)

PASS -- COMPILE 'wam_debug_intel' [10:34, 07:20] ( 842 warnings 1 remarks )
PASS -- TEST 'control_wam_debug_intel' [18:36, 12:29](1687 MB)

PASS -- COMPILE 'rrfs_dyn32_phy32_intel' [15:46, 11:29] ( 8 warnings 8 remarks )
PASS -- TEST 'regional_spp_sppt_shum_skeb_dyn32_phy32_intel' [09:40, 03:40](1052 MB)
PASS -- TEST 'rap_control_dyn32_phy32_intel' [09:55, 05:11](886 MB)
PASS -- TEST 'hrrr_control_dyn32_phy32_intel' [07:20, 02:47](883 MB)
PASS -- TEST 'rap_2threads_dyn32_phy32_intel' [14:25, 09:37](944 MB)
PASS -- TEST 'hrrr_control_2threads_dyn32_phy32_intel' [09:47, 04:58](933 MB)
PASS -- TEST 'hrrr_control_decomp_dyn32_phy32_intel' [07:34, 02:55](886 MB)
PASS -- TEST 'rap_restart_dyn32_phy32_intel' [08:58, 03:57](800 MB)
PASS -- TEST 'hrrr_control_restart_dyn32_phy32_intel' [06:36, 01:37](777 MB)

PASS -- COMPILE 'rrfs_dyn32_phy32_faster_intel' [16:19, 11:26] ( 8 warnings 8 remarks )
PASS -- TEST 'conus13km_control_intel' [06:38, 01:44](1105 MB)
PASS -- TEST 'conus13km_2threads_intel' [08:03, 01:13](1108 MB)
FAILED: RUN DID NOT COMPLETE -- TEST 'conus13km_restart_mismatch_intel' [, ]( MB)

PASS -- COMPILE 'rrfs_dyn64_phy32_intel' [16:19, 11:38] ( 8 warnings 8 remarks )
PASS -- TEST 'rap_control_dyn64_phy32_intel' [08:19, 03:38](922 MB)

PASS -- COMPILE 'rrfs_dyn32_phy32_debug_intel' [11:36, 07:31] ( 790 warnings 8 remarks )
PASS -- TEST 'rap_control_debug_dyn32_phy32_intel' [09:16, 04:42](1075 MB)
FAILED: RUN DID NOT COMPLETE -- TEST 'hrrr_control_debug_dyn32_phy32_intel' [, ]( MB)
PASS -- TEST 'conus13km_debug_intel' [18:25, 12:42](1174 MB)
FAILED: RUN DID NOT COMPLETE -- TEST 'conus13km_debug_qr_intel' [, ]( MB)
PASS -- TEST 'conus13km_debug_2threads_intel' [19:22, 13:41](1180 MB)
PASS -- TEST 'conus13km_radar_tten_debug_intel' [17:40, 12:42](1239 MB)

PASS -- COMPILE 'rrfs_dyn64_phy32_debug_intel' [10:50, 07:15] ( 790 warnings 8 remarks )
PASS -- TEST 'rap_control_dyn64_phy32_debug_intel' [09:37, 04:40](1111 MB)

PASS -- COMPILE 'hafsw_intel' [21:21, 17:56] ( 6 warnings 9 remarks )
PASS -- TEST 'hafs_regional_atm_intel' [10:17, 04:29](767 MB)
PASS -- TEST 'hafs_regional_atm_thompson_gfdlsf_intel' [09:45, 05:05](1077 MB)
PASS -- TEST 'hafs_regional_atm_ocn_intel' [13:15, 06:23](799 MB)
PASS -- TEST 'hafs_regional_atm_wav_intel' [16:19, 10:43](818 MB)
PASS -- TEST 'hafs_regional_atm_ocn_wav_intel' [17:06, 11:40](831 MB)
PASS -- TEST 'hafs_regional_1nest_atm_intel' [09:30, 04:41](470 MB)
PASS -- TEST 'hafs_regional_telescopic_2nests_atm_intel' [12:19, 05:44](487 MB)
PASS -- TEST 'hafs_global_1nest_atm_intel' [06:56, 02:18](391 MB)
PASS -- TEST 'hafs_global_multiple_4nests_atm_intel' [13:23, 06:10](460 MB)
PASS -- TEST 'hafs_regional_specified_moving_1nest_atm_intel' [08:37, 03:19](506 MB)
PASS -- TEST 'hafs_regional_storm_following_1nest_atm_intel' [08:52, 03:04](508 MB)
PASS -- TEST 'hafs_regional_storm_following_1nest_atm_ocn_intel' [09:31, 03:48](578 MB)
FAILED: RUN DID NOT COMPLETE -- TEST 'hafs_global_storm_following_1nest_atm_intel' [, ]( MB)
PASS -- TEST 'gnv1_nested_intel' [10:08, 04:01](1709 MB)

PASS -- COMPILE 'hafsw_debug_intel' [12:44, 08:55] ( 1470 warnings 1431 remarks )
PASS -- TEST 'hafs_regional_storm_following_1nest_atm_ocn_debug_intel' [16:30, 12:10](628 MB)

PASS -- COMPILE 'hafsw_faster_intel' [21:11, 17:25] ( 5 warnings 8 remarks )
PASS -- TEST 'hafs_regional_storm_following_1nest_atm_ocn_wav_intel' [12:02, 06:51](623 MB)
PASS -- TEST 'hafs_regional_storm_following_1nest_atm_ocn_wav_inline_intel' [11:44, 06:57](687 MB)

PASS -- COMPILE 'hafs_mom6w_intel' [23:16, 19:11] ( 5 warnings 7 remarks )
PASS -- TEST 'hafs_regional_storm_following_1nest_atm_ocn_wav_mom6_intel' [11:16, 05:19](671 MB)

PASS -- COMPILE 'hafs_all_intel' [19:36, 15:56] ( 5 warnings 8 remarks )
PASS -- TEST 'hafs_regional_docn_intel' [10:31, 05:38](852 MB)
PASS -- TEST 'hafs_regional_docn_oisst_intel' [10:18, 05:40](835 MB)
PASS -- TEST 'hafs_regional_datm_cdeps_intel' [21:45, 16:13](896 MB)

PASS -- COMPILE 'datm_cdeps_intel' [10:58, 08:33] ( 5 warnings 2 remarks )
PASS -- TEST 'datm_cdeps_control_cfsr_intel' [06:53, 02:31](756 MB)
PASS -- TEST 'datm_cdeps_restart_cfsr_intel' [06:36, 01:33](758 MB)
PASS -- TEST 'datm_cdeps_control_gefs_intel' [06:52, 02:24](647 MB)
FAILED: RUN DID NOT COMPLETE -- TEST 'datm_cdeps_iau_gefs_intel' [, ]( MB)
FAILED: RUN DID NOT COMPLETE -- TEST 'datm_cdeps_stochy_gefs_intel' [, ]( MB)
FAILED: RUN DID NOT COMPLETE -- TEST 'datm_cdeps_ciceC_cfsr_intel' [, ]( MB)
PASS -- TEST 'datm_cdeps_bulk_cfsr_intel' [07:17, 02:31](769 MB)
PASS -- TEST 'datm_cdeps_bulk_gefs_intel' [07:05, 02:22](646 MB)
PASS -- TEST 'datm_cdeps_mx025_cfsr_intel' [12:16, 05:43](698 MB)
PASS -- TEST 'datm_cdeps_mx025_gefs_intel' [12:05, 05:43](681 MB)
PASS -- TEST 'datm_cdeps_multiple_files_cfsr_intel' [07:00, 02:30](768 MB)
PASS -- TEST 'datm_cdeps_3072x1536_cfsr_intel' [08:34, 03:54](2038 MB)
PASS -- TEST 'datm_cdeps_gfs_intel' [08:30, 03:54](2041 MB)

PASS -- COMPILE 'datm_cdeps_debug_intel' [09:58, 05:52] ( 7 warnings 2 remarks )
PASS -- TEST 'datm_cdeps_debug_cfsr_intel' [09:13, 05:09](753 MB)

PASS -- COMPILE 'datm_cdeps_faster_intel' [12:17, 08:35] ( 5 warnings 2 remarks )
PASS -- TEST 'datm_cdeps_control_cfsr_faster_intel' [06:50, 02:31](771 MB)

PASS -- COMPILE 'datm_cdeps_land_intel' [06:31, 02:44] ( 1 remarks )
FAILED: RUN DID NOT COMPLETE -- TEST 'datm_cdeps_lnd_gswp3_intel' [, ]( MB)
PASS -- TEST 'datm_cdeps_lnd_era5_intel' [04:45, 01:03](454 MB)
FAILED: RUN DID NOT COMPLETE -- TEST 'datm_cdeps_lnd_era5_rst_intel' [, ]( MB)

PASS -- COMPILE 'atm_ds2s_docn_pcice_intel' [17:40, 13:46] ( 5 warnings 3 remarks )
PASS -- TEST 'atm_ds2s_docn_pcice_intel' [10:34, 03:55](1905 MB)

PASS -- COMPILE 'atm_ds2s_docn_dice_intel' [17:39, 12:57] ( 6 warnings 1 remarks )
PASS -- TEST 'atm_ds2s_docn_dice_intel' [09:15, 04:48](1913 MB)

PASS -- COMPILE 'atml_intel' [19:16, 15:16] ( 14 warnings 2 remarks )
PASS -- TEST 'control_p8_atmlnd_intel' [12:21, 06:30](1889 MB)
PASS -- TEST 'control_restart_p8_atmlnd_intel' [07:35, 03:43](1036 MB)

PASS -- COMPILE 'atml_debug_intel' [15:40, 11:08] ( 892 warnings 2 remarks )
PASS -- TEST 'control_p8_atmlnd_debug_intel' [11:56, 05:39](1929 MB)

PASS -- COMPILE 'atmw_intel' [18:23, 14:11] ( 5 warnings 8 remarks )
PASS -- TEST 'atmwav_control_noaero_p8_intel' [07:29, 02:13](1879 MB)

PASS -- COMPILE 'atmaero_intel' [17:30, 13:01] ( 5 warnings 1 remarks )
PASS -- TEST 'atmaero_control_p8_intel' [11:17, 04:09](3124 MB)
PASS -- TEST 'atmaero_control_p8_rad_intel' [11:04, 04:18](3001 MB)
PASS -- TEST 'atmaero_control_p8_rad_micro_intel' [09:20, 04:22](3016 MB)

PASS -- COMPILE 'atmaq_debug_intel' [11:31, 08:14] ( 887 warnings 6 remarks )
PASS -- TEST 'regional_atmaq_debug_intel' [29:29, 21:33](4537 MB)

PASS -- COMPILE 'atm_fbh_intel' [15:58, 11:28] ( 8 warnings 8 remarks )
FAILED: RUN DID NOT COMPLETE -- TEST 'cpld_regional_atm_fbh_intel' [, ]( MB)

SYNOPSIS:
Starting Date/Time: 20250306 15:15:37
Ending Date/Time: 20250306 17:18:27
Total Time: 02h:03m:50s
Compiles Completed: 43/43
Tests Completed: 165/185
Failed Tests:
* TEST cpld_debug_gfsv17_intel: FAILED: RUN DID NOT COMPLETE
-- LOG: /glade/derecho/scratch/jongkim/UFS-RT/rt-2625/tests/logs/log_derecho/run_cpld_debug_gfsv17_intel.log
* TEST cpld_debug_p8_intel: FAILED: RUN DID NOT COMPLETE
-- LOG: /glade/derecho/scratch/jongkim/UFS-RT/rt-2625/tests/logs/log_derecho/run_cpld_debug_p8_intel.log
* TEST cpld_debug_noaero_p8_intel: FAILED: RUN DID NOT COMPLETE
-- LOG: /glade/derecho/scratch/jongkim/UFS-RT/rt-2625/tests/logs/log_derecho/run_cpld_debug_noaero_p8_intel.log
* TEST cpld_control_noaero_p8_agrid_intel: FAILED: RUN DID NOT COMPLETE
-- LOG: /glade/derecho/scratch/jongkim/UFS-RT/rt-2625/tests/logs/log_derecho/run_cpld_control_noaero_p8_agrid_intel.log
* TEST cpld_restart_c48_intel: FAILED: RUN DID NOT COMPLETE
-- LOG: /glade/derecho/scratch/jongkim/UFS-RT/rt-2625/tests/logs/log_derecho/run_cpld_restart_c48_intel.log
* TEST control_c48_lnd_iau_intel: FAILED: RUN DID NOT COMPLETE
-- LOG: /glade/derecho/scratch/jongkim/UFS-RT/rt-2625/tests/logs/log_derecho/run_control_c48_lnd_iau_intel.log
* TEST control_p8_intel: FAILED: RUN DID NOT COMPLETE
-- LOG: /glade/derecho/scratch/jongkim/UFS-RT/rt-2625/tests/logs/log_derecho/run_control_p8_intel.log
* TEST control_p8.v2.sfc_intel: FAILED: RUN DID NOT COMPLETE
-- LOG: /glade/derecho/scratch/jongkim/UFS-RT/rt-2625/tests/logs/log_derecho/run_control_p8.v2.sfc_intel.log
* TEST control_restart_p8_intel: FAILED: UNABLE TO START TEST
-- LOG: N/A
* TEST control_diag_debug_intel: FAILED: RUN DID NOT COMPLETE
-- LOG: /glade/derecho/scratch/jongkim/UFS-RT/rt-2625/tests/logs/log_derecho/run_control_diag_debug_intel.log
* TEST conus13km_restart_mismatch_intel: FAILED: RUN DID NOT COMPLETE
-- LOG: /glade/derecho/scratch/jongkim/UFS-RT/rt-2625/tests/logs/log_derecho/run_conus13km_restart_mismatch_intel.log
* TEST hrrr_control_debug_dyn32_phy32_intel: FAILED: RUN DID NOT COMPLETE
-- LOG: /glade/derecho/scratch/jongkim/UFS-RT/rt-2625/tests/logs/log_derecho/run_hrrr_control_debug_dyn32_phy32_intel.log
* TEST conus13km_debug_qr_intel: FAILED: RUN DID NOT COMPLETE
-- LOG: /glade/derecho/scratch/jongkim/UFS-RT/rt-2625/tests/logs/log_derecho/run_conus13km_debug_qr_intel.log
* TEST hafs_global_storm_following_1nest_atm_intel: FAILED: RUN DID NOT COMPLETE
-- LOG: /glade/derecho/scratch/jongkim/UFS-RT/rt-2625/tests/logs/log_derecho/run_hafs_global_storm_following_1nest_atm_intel.log
* TEST datm_cdeps_iau_gefs_intel: FAILED: RUN DID NOT COMPLETE
-- LOG: /glade/derecho/scratch/jongkim/UFS-RT/rt-2625/tests/logs/log_derecho/run_datm_cdeps_iau_gefs_intel.log
* TEST datm_cdeps_stochy_gefs_intel: FAILED: RUN DID NOT COMPLETE
-- LOG: /glade/derecho/scratch/jongkim/UFS-RT/rt-2625/tests/logs/log_derecho/run_datm_cdeps_stochy_gefs_intel.log
* TEST datm_cdeps_ciceC_cfsr_intel: FAILED: RUN DID NOT COMPLETE
-- LOG: /glade/derecho/scratch/jongkim/UFS-RT/rt-2625/tests/logs/log_derecho/run_datm_cdeps_ciceC_cfsr_intel.log
* TEST datm_cdeps_lnd_gswp3_intel: FAILED: RUN DID NOT COMPLETE
-- LOG: /glade/derecho/scratch/jongkim/UFS-RT/rt-2625/tests/logs/log_derecho/run_datm_cdeps_lnd_gswp3_intel.log
* TEST datm_cdeps_lnd_era5_rst_intel: FAILED: RUN DID NOT COMPLETE
-- LOG: /glade/derecho/scratch/jongkim/UFS-RT/rt-2625/tests/logs/log_derecho/run_datm_cdeps_lnd_era5_rst_intel.log
* TEST cpld_regional_atm_fbh_intel: FAILED: RUN DID NOT COMPLETE
-- LOG: /glade/derecho/scratch/jongkim/UFS-RT/rt-2625/tests/logs/log_derecho/run_cpld_regional_atm_fbh_intel.log

NOTES:
A file 'test_changes.list' was generated with list of all failed tests.
You can use './rt.sh -c -b test_changes.list' to create baselines for the failed tests.
If you are using this log as a pull request verification, please commit 'test_changes.list'.

Result: FAILURE

====END OF DERECHO REGRESSION TESTING LOG====
====START OF DERECHO REGRESSION TESTING LOG====

UFSWM hash used in testing:
4b57225eb30fae49426ceaa4ee663856968b1363

Submodule hashes used in testing:
 37cbb7d6840ae7515a9a8f0dfd4d89461b3396d1 AQM (v0.2.0-37-g37cbb7d)
 be5d28fd1b60522e6fc98aefeead20e6aac3530b AQM/src/model/CMAQ (CMAQv5.2.1_07Feb2018-198-gbe5d28fd1)
 2eccb9f74ebd8dfc09b53d15f5a96c847b77c443 CDEPS-interface/CDEPS (cdeps0.4.17-310-g2eccb9f)
 4411a158cc4839157e3087d7fe8e399f9685eb35 CICE-interface/CICE (CICE6.0.0-399-g4411a15)
 43ead56380bf11ecad66f165dcd736ed0c278763 CICE-interface/CICE/icepack (Icepack1.1.0-200-g43ead56)
 cdbed6c48c2626e67ee5c071947d991e6f0fbc2e CMEPS-interface/CMEPS (cmeps_v0.4.1-2314-gcdbed6c)
 cabd7753ae17f7bfcc6dad56daf10868aa51c3f4 CMakeModules (v1.0.0-28-gcabd775)
 bb7678397a36223351d7aa356b3cf03f3d146d3d FV3 (remotes/origin/mr2_rst)
 127a341d126a6225a52eed61c4e866e1af82005f FV3/atmos_cubed_sphere (201912_public_release-414-g127a341)
 9e1c3abe1048c0f18c53fdbb7113bc56a129bdf5 FV3/ccpp/framework (2024-07-11-dev-2-g9e1c3ab)
 7f07d33741c7e9d7b1e011750907c620d9178331 FV3/ccpp/physics (master-tag-before-replacing-with-ipd-setup-step-fast-5862-g7f07d337)
 74a0e098b2163425e4b5466c2dfcf8ae26d560a5 FV3/ccpp/physics/physics/Radiation/RRTMGP/rte-rrtmgp (v1.6)
 d1f616733919c183a796e9c4d8207c712c62b095 FV3/upp (upp_v10.2.0-256-gd1f61673)
-179cae1dd84401cf25d250bd9102e66560a9d328 FV3/upp/sorc/libIFI.fd
-529f870d33b65c3b6c1aa3c3236b94efc3bd336d FV3/upp/sorc/ncep_post.fd/post_gtg.fd
 041422934cae1570f2f0e67239d5d89f11c6e1b7 GOCART (sdr_v2.1.2.6-119-g0414229)
 bcf7777bb037ae2feb2a8a8ac51aacb3511b52d9 HYCOM-interface/HYCOM (2.3.00-122-gbcf7777)
 c4d2337d8607ec994b3cd61179eb974e0a237841 LM4-driver (baseline_change_240904-6-gc4d2337)
 c03c4f68816030f726785daf0db6150aa1e9cc6f LM4-driver/LM4 (land_lad2_2021.02)
 6fff0955a123c1dea8d70f31271e13d320ff8552 MOM6-interface/MOM6 (dev/master/repository_split_2014.10.10-10366-g6fff0955a)
 9423197f894112edfcb1502245f7d7b873d551f9 MOM6-interface/MOM6/pkg/CVMix-src (9423197)
 29e64d652786e1d076a05128c920f394202bfe10 MOM6-interface/MOM6/pkg/GSW-Fortran (29e64d6)
 1a2d2fcb02da38e975f252ef743af24b68b3cc7f NOAHMP-interface/noahmp (v3.7.1-455-g1a2d2fc)
 f1f14d582835ef77626aaf44146a53d60920a0f7 WW3 (6.07.1-386-gf1f14d58)
 05cad173feeb598431e3ef5f17c2df6562c8d101 fire_behavior (v0.2.0-1-g05cad17)
 fad2fe9f42f6b7f744b128b4a2a9433f91e4296f stochastic_physics (ufs-v2.0.0-219-gfad2fe9)

NOTES:
[Times](Memory) are at the end of each compile/test in format [MM:SS](Size).
The first time is for the full script (prep+run+finalize).
The second time is specifically for the run phase.
Times/Memory will be empty for failed tests.

BASELINE DIRECTORY: /glade/derecho/scratch/epicufsrt/ufs-weather-model/RT//NEMSfv3gfs/develop-20250303
COMPARISON DIRECTORY: /glade/derecho/scratch/jongkim/FV3_RT/rt_55544

RT.SH OPTIONS USED:
* (-a) - HPC PROJECT ACCOUNT: nral0032
* (-b) - NEW BASELINES FROM FILE: test_changes.list
* (-e) - USE ECFLOW

PASS -- COMPILE 's2swa_32bit_pdlib_debug_intel' [14:30, 11:55] ( 1528 warnings 1898 remarks )
PASS -- TEST 'cpld_debug_gfsv17_intel' [27:26, 22:23](1937 MB)

PASS -- COMPILE 's2swa_debug_intel' [14:29, 11:56] ( 1418 warnings 1159 remarks )
PASS -- TEST 'cpld_debug_p8_intel' [18:15, 12:45](3308 MB)

PASS -- COMPILE 's2sw_debug_intel' [14:29, 11:08] ( 1418 warnings 1159 remarks )
PASS -- TEST 'cpld_debug_noaero_p8_intel' [11:03, 05:46](1956 MB)

PASS -- COMPILE 's2s_aoflux_intel' [19:12, 16:02] ( 5 warnings 3 remarks )
PASS -- TEST 'cpld_control_noaero_p8_agrid_intel' [09:45, 04:55](1989 MB)

PASS -- COMPILE 's2s_intel' [20:30, 16:39] ( 6 warnings 3 remarks )
FAILED: RUN DID NOT COMPLETE -- TEST 'cpld_warmstart_c48_intel' [, ]( MB)
FAILED: UNABLE TO START TEST -- TEST 'cpld_restart_c48_intel' [, ]( MB)

PASS -- COMPILE 'atm_dyn32_intel' [17:22, 14:21] ( 6 warnings 1 remarks )
PASS -- TEST 'control_c48_lnd_iau_intel' [10:08, 05:42](1589 MB)
PASS -- TEST 'control_p8_intel' [07:38, 03:00](1854 MB)
PASS -- TEST 'control_p8.v2.sfc_intel' [07:38, 03:05](1851 MB)
PASS -- TEST 'control_restart_p8_intel' [08:08, 01:53](1009 MB)

PASS -- COMPILE 'atm_debug_dyn32_intel' [18:07, 14:42] ( 887 warnings 9 remarks )
FAILED: RUN DID NOT COMPLETE -- TEST 'control_diag_debug_intel' [, ]( MB)

PASS -- COMPILE 'rrfs_dyn32_phy32_faster_intel' [14:30, 11:28] ( 8 warnings 8 remarks )
PASS -- TEST 'conus13km_control_intel' [06:36, 01:45](1105 MB)
PASS -- TEST 'conus13km_restart_mismatch_intel' [04:55, 01:05](998 MB)

PASS -- COMPILE 'rrfs_dyn32_phy32_debug_intel' [10:11, 07:33] ( 790 warnings 8 remarks )
PASS -- TEST 'hrrr_control_debug_dyn32_phy32_intel' [07:57, 04:27](1074 MB)
PASS -- TEST 'conus13km_debug_qr_intel' [17:21, 12:50](865 MB)

PASS -- COMPILE 'hafsw_intel' [20:30, 17:57] ( 6 warnings 9 remarks )
FAILED: RUN DID NOT COMPLETE -- TEST 'hafs_global_storm_following_1nest_atm_intel' [, ]( MB)

PASS -- COMPILE 'datm_cdeps_intel' [10:57, 08:31] ( 5 warnings 2 remarks )
PASS -- TEST 'datm_cdeps_iau_gefs_intel' [06:16, 02:26](647 MB)
FAILED: RUN DID NOT COMPLETE -- TEST 'datm_cdeps_stochy_gefs_intel' [, ]( MB)
FAILED: RUN DID NOT COMPLETE -- TEST 'datm_cdeps_ciceC_cfsr_intel' [, ]( MB)

PASS -- COMPILE 'datm_cdeps_land_intel' [06:30, 02:41] ( 1 remarks )
PASS -- TEST 'datm_cdeps_lnd_gswp3_intel' [05:10, 01:07](311 MB)
PASS -- TEST 'datm_cdeps_lnd_era5_intel' [05:10, 01:03](454 MB)
PASS -- TEST 'datm_cdeps_lnd_era5_rst_intel' [04:58, 00:42](451 MB)

PASS -- COMPILE 'atm_fbh_intel' [15:26, 11:30] ( 8 warnings 8 remarks )
PASS -- TEST 'cpld_regional_atm_fbh_intel' [11:15, 08:08](852 MB)

SYNOPSIS:
Starting Date/Time: 20250307 06:28:34
Ending Date/Time: 20250307 07:11:57
Total Time: 00h:43m:57s
Compiles Completed: 13/13
Tests Completed: 17/23
Failed Tests:
* TEST cpld_warmstart_c48_intel: FAILED: RUN DID NOT COMPLETE
-- LOG: /glade/derecho/scratch/jongkim/UFS-RT/rt-2625/tests/logs/log_derecho/run_cpld_warmstart_c48_intel.log
* TEST cpld_restart_c48_intel: FAILED: UNABLE TO START TEST
-- LOG: N/A
* TEST control_diag_debug_intel: FAILED: RUN DID NOT COMPLETE
-- LOG: /glade/derecho/scratch/jongkim/UFS-RT/rt-2625/tests/logs/log_derecho/run_control_diag_debug_intel.log
* TEST hafs_global_storm_following_1nest_atm_intel: FAILED: RUN DID NOT COMPLETE
-- LOG: /glade/derecho/scratch/jongkim/UFS-RT/rt-2625/tests/logs/log_derecho/run_hafs_global_storm_following_1nest_atm_intel.log
* TEST datm_cdeps_stochy_gefs_intel: FAILED: RUN DID NOT COMPLETE
-- LOG: /glade/derecho/scratch/jongkim/UFS-RT/rt-2625/tests/logs/log_derecho/run_datm_cdeps_stochy_gefs_intel.log
* TEST datm_cdeps_ciceC_cfsr_intel: FAILED: RUN DID NOT COMPLETE
-- LOG: /glade/derecho/scratch/jongkim/UFS-RT/rt-2625/tests/logs/log_derecho/run_datm_cdeps_ciceC_cfsr_intel.log

NOTES:
A file 'test_changes.list' was generated with list of all failed tests.
You can use './rt.sh -c -b test_changes.list' to create baselines for the failed tests.
If you are using this log as a pull request verification, please commit 'test_changes.list'.

Result: FAILURE

====END OF DERECHO REGRESSION TESTING LOG====
====START OF DERECHO REGRESSION TESTING LOG====

UFSWM hash used in testing:
4b57225eb30fae49426ceaa4ee663856968b1363

Submodule hashes used in testing:
 37cbb7d6840ae7515a9a8f0dfd4d89461b3396d1 AQM (v0.2.0-37-g37cbb7d)
 be5d28fd1b60522e6fc98aefeead20e6aac3530b AQM/src/model/CMAQ (CMAQv5.2.1_07Feb2018-198-gbe5d28fd1)
 2eccb9f74ebd8dfc09b53d15f5a96c847b77c443 CDEPS-interface/CDEPS (cdeps0.4.17-310-g2eccb9f)
 4411a158cc4839157e3087d7fe8e399f9685eb35 CICE-interface/CICE (CICE6.0.0-399-g4411a15)
 43ead56380bf11ecad66f165dcd736ed0c278763 CICE-interface/CICE/icepack (Icepack1.1.0-200-g43ead56)
 cdbed6c48c2626e67ee5c071947d991e6f0fbc2e CMEPS-interface/CMEPS (cmeps_v0.4.1-2314-gcdbed6c)
 cabd7753ae17f7bfcc6dad56daf10868aa51c3f4 CMakeModules (v1.0.0-28-gcabd775)
 bb7678397a36223351d7aa356b3cf03f3d146d3d FV3 (remotes/origin/mr2_rst)
 127a341d126a6225a52eed61c4e866e1af82005f FV3/atmos_cubed_sphere (201912_public_release-414-g127a341)
 9e1c3abe1048c0f18c53fdbb7113bc56a129bdf5 FV3/ccpp/framework (2024-07-11-dev-2-g9e1c3ab)
 7f07d33741c7e9d7b1e011750907c620d9178331 FV3/ccpp/physics (master-tag-before-replacing-with-ipd-setup-step-fast-5862-g7f07d337)
 74a0e098b2163425e4b5466c2dfcf8ae26d560a5 FV3/ccpp/physics/physics/Radiation/RRTMGP/rte-rrtmgp (v1.6)
 d1f616733919c183a796e9c4d8207c712c62b095 FV3/upp (upp_v10.2.0-256-gd1f61673)
-179cae1dd84401cf25d250bd9102e66560a9d328 FV3/upp/sorc/libIFI.fd
-529f870d33b65c3b6c1aa3c3236b94efc3bd336d FV3/upp/sorc/ncep_post.fd/post_gtg.fd
 041422934cae1570f2f0e67239d5d89f11c6e1b7 GOCART (sdr_v2.1.2.6-119-g0414229)
 bcf7777bb037ae2feb2a8a8ac51aacb3511b52d9 HYCOM-interface/HYCOM (2.3.00-122-gbcf7777)
 c4d2337d8607ec994b3cd61179eb974e0a237841 LM4-driver (baseline_change_240904-6-gc4d2337)
 c03c4f68816030f726785daf0db6150aa1e9cc6f LM4-driver/LM4 (land_lad2_2021.02)
 6fff0955a123c1dea8d70f31271e13d320ff8552 MOM6-interface/MOM6 (dev/master/repository_split_2014.10.10-10366-g6fff0955a)
 9423197f894112edfcb1502245f7d7b873d551f9 MOM6-interface/MOM6/pkg/CVMix-src (9423197)
 29e64d652786e1d076a05128c920f394202bfe10 MOM6-interface/MOM6/pkg/GSW-Fortran (29e64d6)
 1a2d2fcb02da38e975f252ef743af24b68b3cc7f NOAHMP-interface/noahmp (v3.7.1-455-g1a2d2fc)
 f1f14d582835ef77626aaf44146a53d60920a0f7 WW3 (6.07.1-386-gf1f14d58)
 05cad173feeb598431e3ef5f17c2df6562c8d101 fire_behavior (v0.2.0-1-g05cad17)
 fad2fe9f42f6b7f744b128b4a2a9433f91e4296f stochastic_physics (ufs-v2.0.0-219-gfad2fe9)

NOTES:
[Times](Memory) are at the end of each compile/test in format [MM:SS](Size).
The first time is for the full script (prep+run+finalize).
The second time is specifically for the run phase.
Times/Memory will be empty for failed tests.

BASELINE DIRECTORY: /glade/derecho/scratch/epicufsrt/ufs-weather-model/RT//NEMSfv3gfs/develop-20250303
COMPARISON DIRECTORY: /glade/derecho/scratch/jongkim/FV3_RT/rt_20795

RT.SH OPTIONS USED:
* (-a) - HPC PROJECT ACCOUNT: nral0032
* (-b) - NEW BASELINES FROM FILE: test_changes.list
* (-e) - USE ECFLOW

PASS -- COMPILE 's2s_intel' [19:52, 16:38] ( 6 warnings 3 remarks )
PASS -- TEST 'cpld_warmstart_c48_intel' [05:58, 02:07](2891 MB)
FAILED: RUN DID NOT COMPLETE -- TEST 'cpld_restart_c48_intel' [, ]( MB)

PASS -- COMPILE 'atm_debug_dyn32_intel' [17:51, 14:36] ( 887 warnings 9 remarks )
FAILED: RUN DID NOT COMPLETE -- TEST 'control_diag_debug_intel' [, ]( MB)

PASS -- COMPILE 'hafsw_intel' [22:16, 17:54] ( 6 warnings 9 remarks )
PASS -- TEST 'hafs_global_storm_following_1nest_atm_intel' [04:40, 01:13](424 MB)

PASS -- COMPILE 'datm_cdeps_intel' [11:52, 08:33] ( 5 warnings 2 remarks )
PASS -- TEST 'datm_cdeps_stochy_gefs_intel' [06:10, 02:27](646 MB)
PASS -- TEST 'datm_cdeps_ciceC_cfsr_intel' [06:09, 02:32](758 MB)

SYNOPSIS:
Starting Date/Time: 20250307 07:36:56
Ending Date/Time: 20250307 08:08:08
Total Time: 00h:31m:40s
Compiles Completed: 4/4
Tests Completed: 4/6
Failed Tests:
* TEST cpld_restart_c48_intel: FAILED: RUN DID NOT COMPLETE
-- LOG: /glade/derecho/scratch/jongkim/UFS-RT/rt-2625/tests/logs/log_derecho/run_cpld_restart_c48_intel.log
* TEST control_diag_debug_intel: FAILED: RUN DID NOT COMPLETE
-- LOG: /glade/derecho/scratch/jongkim/UFS-RT/rt-2625/tests/logs/log_derecho/run_control_diag_debug_intel.log

NOTES:
A file 'test_changes.list' was generated with list of all failed tests.
You can use './rt.sh -c -b test_changes.list' to create baselines for the failed tests.
If you are using this log as a pull request verification, please commit 'test_changes.list'.

Result: FAILURE

====END OF DERECHO REGRESSION TESTING LOG====
====START OF DERECHO REGRESSION TESTING LOG====

UFSWM hash used in testing:
4b57225eb30fae49426ceaa4ee663856968b1363

Submodule hashes used in testing:
 37cbb7d6840ae7515a9a8f0dfd4d89461b3396d1 AQM (v0.2.0-37-g37cbb7d)
 be5d28fd1b60522e6fc98aefeead20e6aac3530b AQM/src/model/CMAQ (CMAQv5.2.1_07Feb2018-198-gbe5d28fd1)
 2eccb9f74ebd8dfc09b53d15f5a96c847b77c443 CDEPS-interface/CDEPS (cdeps0.4.17-310-g2eccb9f)
 4411a158cc4839157e3087d7fe8e399f9685eb35 CICE-interface/CICE (CICE6.0.0-399-g4411a15)
 43ead56380bf11ecad66f165dcd736ed0c278763 CICE-interface/CICE/icepack (Icepack1.1.0-200-g43ead56)
 cdbed6c48c2626e67ee5c071947d991e6f0fbc2e CMEPS-interface/CMEPS (cmeps_v0.4.1-2314-gcdbed6c)
 cabd7753ae17f7bfcc6dad56daf10868aa51c3f4 CMakeModules (v1.0.0-28-gcabd775)
 bb7678397a36223351d7aa356b3cf03f3d146d3d FV3 (remotes/origin/mr2_rst)
 127a341d126a6225a52eed61c4e866e1af82005f FV3/atmos_cubed_sphere (201912_public_release-414-g127a341)
 9e1c3abe1048c0f18c53fdbb7113bc56a129bdf5 FV3/ccpp/framework (2024-07-11-dev-2-g9e1c3ab)
 7f07d33741c7e9d7b1e011750907c620d9178331 FV3/ccpp/physics (master-tag-before-replacing-with-ipd-setup-step-fast-5862-g7f07d337)
 74a0e098b2163425e4b5466c2dfcf8ae26d560a5 FV3/ccpp/physics/physics/Radiation/RRTMGP/rte-rrtmgp (v1.6)
 d1f616733919c183a796e9c4d8207c712c62b095 FV3/upp (upp_v10.2.0-256-gd1f61673)
-179cae1dd84401cf25d250bd9102e66560a9d328 FV3/upp/sorc/libIFI.fd
-529f870d33b65c3b6c1aa3c3236b94efc3bd336d FV3/upp/sorc/ncep_post.fd/post_gtg.fd
 041422934cae1570f2f0e67239d5d89f11c6e1b7 GOCART (sdr_v2.1.2.6-119-g0414229)
 bcf7777bb037ae2feb2a8a8ac51aacb3511b52d9 HYCOM-interface/HYCOM (2.3.00-122-gbcf7777)
 c4d2337d8607ec994b3cd61179eb974e0a237841 LM4-driver (baseline_change_240904-6-gc4d2337)
 c03c4f68816030f726785daf0db6150aa1e9cc6f LM4-driver/LM4 (land_lad2_2021.02)
 6fff0955a123c1dea8d70f31271e13d320ff8552 MOM6-interface/MOM6 (dev/master/repository_split_2014.10.10-10366-g6fff0955a)
 9423197f894112edfcb1502245f7d7b873d551f9 MOM6-interface/MOM6/pkg/CVMix-src (9423197)
 29e64d652786e1d076a05128c920f394202bfe10 MOM6-interface/MOM6/pkg/GSW-Fortran (29e64d6)
 1a2d2fcb02da38e975f252ef743af24b68b3cc7f NOAHMP-interface/noahmp (v3.7.1-455-g1a2d2fc)
 f1f14d582835ef77626aaf44146a53d60920a0f7 WW3 (6.07.1-386-gf1f14d58)
 05cad173feeb598431e3ef5f17c2df6562c8d101 fire_behavior (v0.2.0-1-g05cad17)
 fad2fe9f42f6b7f744b128b4a2a9433f91e4296f stochastic_physics (ufs-v2.0.0-219-gfad2fe9)

NOTES:
[Times](Memory) are at the end of each compile/test in format [MM:SS](Size).
The first time is for the full script (prep+run+finalize).
The second time is specifically for the run phase.
Times/Memory will be empty for failed tests.

BASELINE DIRECTORY: /glade/derecho/scratch/epicufsrt/ufs-weather-model/RT//NEMSfv3gfs/develop-20250303
COMPARISON DIRECTORY: /glade/derecho/scratch/jongkim/FV3_RT/rt_44187

RT.SH OPTIONS USED:
* (-a) - HPC PROJECT ACCOUNT: nral0032
* (-b) - NEW BASELINES FROM FILE: test_changes.list
* (-e) - USE ECFLOW

PASS -- COMPILE 's2s_intel' [20:21, 16:51] ( 6 warnings 3 remarks )
PASS -- TEST 'cpld_warmstart_c48_intel' [06:08, 02:07](2902 MB)
PASS -- TEST 'cpld_restart_c48_intel' [07:58, 01:33](2298 MB)

PASS -- COMPILE 'atm_debug_dyn32_intel' [18:06, 14:43] ( 887 warnings 9 remarks )
PASS -- TEST 'control_diag_debug_intel' [07:05, 02:37](1664 MB)

SYNOPSIS:
Starting Date/Time: 20250307 08:30:12
Ending Date/Time: 20250307 09:08:12
Total Time: 00h:38m:33s
Compiles Completed: 2/2
Tests Completed: 3/3

NOTES:
A file 'test_changes.list' was generated but is empty.
If you are using this log as a pull request verification, please commit 'test_changes.list'.

Result: SUCCESS

====END OF DERECHO REGRESSION TESTING LOG====
