====START OF WCOSS2 REGRESSION TESTING LOG====

UFSWM hash used in testing:
ab663d77177dfd818ea342fbaa084f59f7349cbe

Submodule hashes used in testing:
 37cbb7d6840ae7515a9a8f0dfd4d89461b3396d1 AQM (v0.2.0-37-g37cbb7d)
 be5d28fd1b60522e6fc98aefeead20e6aac3530b AQM/src/model/CMAQ (CMAQv5.2.1_07Feb2018-198-gbe5d28fd1)
 2eccb9f74ebd8dfc09b53d15f5a96c847b77c443 CDEPS-interface/CDEPS (cdeps0.4.17-310-g2eccb9f)
 4411a158cc4839157e3087d7fe8e399f9685eb35 CICE-interface/CICE (CICE6.0.0-399-g4411a15)
 43ead56380bf11ecad66f165dcd736ed0c278763 CICE-interface/CICE/icepack (Icepack1.1.0-200-g43ead56)
 cdbed6c48c2626e67ee5c071947d991e6f0fbc2e CMEPS-interface/CMEPS (cmeps_v0.4.1-2314-gcdbed6c)
 cabd7753ae17f7bfcc6dad56daf10868aa51c3f4 CMakeModules (v1.0.0-28-gcabd775)
 454d95fa3b17eba939e663d15d0a2c074214864a FV3 (remotes/origin/conv_hr5update)
 0519df1af731548b1e35aa5685a35605e3e66d5a FV3/atmos_cubed_sphere (remotes/origin/user/lec/mergetest-128-g0519df1)
 9e1c3abe1048c0f18c53fdbb7113bc56a129bdf5 FV3/ccpp/framework (2024-07-11-dev-2-g9e1c3ab)
 52331b2400eb4a8b87641f86a3751acd0d0dd672 FV3/ccpp/physics (remotes/origin/conv_hr5update)
 74a0e098b2163425e4b5466c2dfcf8ae26d560a5 FV3/ccpp/physics/physics/Radiation/RRTMGP/rte-rrtmgp (v1.6)
 d1f616733919c183a796e9c4d8207c712c62b095 FV3/upp (upp_v10.2.0-256-gd1f61673)
-179cae1dd84401cf25d250bd9102e66560a9d328 FV3/upp/sorc/libIFI.fd
-529f870d33b65c3b6c1aa3c3236b94efc3bd336d FV3/upp/sorc/ncep_post.fd/post_gtg.fd
 041422934cae1570f2f0e67239d5d89f11c6e1b7 GOCART (sdr_v2.1.2.6-119-g0414229)
 bcf7777bb037ae2feb2a8a8ac51aacb3511b52d9 HYCOM-interface/HYCOM (2.3.00-122-gbcf7777)
 c4d2337d8607ec994b3cd61179eb974e0a237841 LM4-driver (baseline_change_240904-6-gc4d2337)
 c03c4f68816030f726785daf0db6150aa1e9cc6f LM4-driver/LM4 (land_lad2_2021.02)
 6fff0955a123c1dea8d70f31271e13d320ff8552 MOM6-interface/MOM6 (dev/master/repository_split_2014.10.10-10366-g6fff0955a)
 9423197f894112edfcb1502245f7d7b873d551f9 MOM6-interface/MOM6/pkg/CVMix-src (9423197)
 29e64d652786e1d076a05128c920f394202bfe10 MOM6-interface/MOM6/pkg/GSW-Fortran (29e64d6)
 1a2d2fcb02da38e975f252ef743af24b68b3cc7f NOAHMP-interface/noahmp (v3.7.1-455-g1a2d2fc)
 f1f14d582835ef77626aaf44146a53d60920a0f7 WW3 (6.07.1-386-gf1f14d58)
 05cad173feeb598431e3ef5f17c2df6562c8d101 fire_behavior (v0.2.0-1-g05cad17)
 fad2fe9f42f6b7f744b128b4a2a9433f91e4296f stochastic_physics (ufs-v2.0.0-219-gfad2fe9)


NOTES:
[Times](Memory) are at the end of each compile/test in format [MM:SS](Size).
The first time is for the full script (prep+run+finalize).
The second time is specifically for the run phase.
Times/Memory will be empty for failed tests.

BASELINE DIRECTORY: /lfs/h2/emc/nems/noscrub/emc.nems/RT/NEMSfv3gfs/develop-20250303
COMPARISON DIRECTORY: /lfs/h2/emc/ptmp/brian.curtis/FV3_RT/rt_856539

RT.SH OPTIONS USED:
* (-a) - HPC PROJECT ACCOUNT: GFS-DEV
* (-e) - USE ECFLOW

PASS -- COMPILE 's2swa_32bit_intel' [14:27, 12:22] ( 1 warnings 8 remarks )
PASS -- TEST 'cpld_control_p8_mixedmode_intel' [13:47, 06:53](3195 MB)
FAILED: UNABLE TO COMPLETE COMPARISON -- TEST 'cpld_control_gefs_intel' [, ]( MB)
FAILED: UNABLE TO START TEST -- TEST 'cpld_restart_gefs_intel' [, ]( MB)

PASS -- COMPILE 's2swa_32bit_pdlib_intel' [13:27, 11:57] ( 1 warnings 8 remarks )
PASS -- TEST 'cpld_control_gfsv17_intel' [24:38, 15:42](1903 MB)
PASS -- TEST 'cpld_control_gfsv17_iau_intel' [26:11, 16:49](1960 MB)
PASS -- TEST 'cpld_restart_gfsv17_intel' [15:18, 07:47](1074 MB)
PASS -- TEST 'cpld_mpi_gfsv17_intel' [26:30, 18:10](1877 MB)

PASS -- COMPILE 's2swa_32bit_pdlib_sfs_intel' [14:28, 12:08] ( 1 warnings 8 remarks )
PASS -- TEST 'cpld_control_sfs_intel' [20:30, 15:20](1903 MB)

PASS -- COMPILE 's2swa_32bit_pdlib_debug_intel' [07:20, 05:26] ( 1502 warnings 1948 remarks )
PASS -- TEST 'cpld_debug_gfsv17_intel' [32:57, 25:06](1944 MB)

PASS -- COMPILE 's2swa_intel' [13:26, 11:57] ( 1 warnings 8 remarks )
PASS -- TEST 'cpld_control_p8_intel' [16:19, 08:28](3227 MB)
PASS -- TEST 'cpld_control_p8.v2.sfc_intel' [16:34, 08:36](3227 MB)
PASS -- TEST 'cpld_restart_p8_intel' [11:41, 05:22](3111 MB)
PASS -- TEST 'cpld_control_qr_p8_intel' [16:13, 08:41](3247 MB)
PASS -- TEST 'cpld_restart_qr_p8_intel' [11:47, 05:16](3132 MB)
PASS -- TEST 'cpld_2threads_p8_intel' [24:38, 17:15](3448 MB)
PASS -- TEST 'cpld_decomp_p8_intel' [16:13, 08:31](3219 MB)
PASS -- TEST 'cpld_mpi_p8_intel' [14:21, 07:08](3173 MB)
PASS -- TEST 'cpld_control_ciceC_p8_intel' [16:31, 08:30](3228 MB)

PASS -- COMPILE 's2swal_intel' [13:26, 11:48] ( 1 warnings 9 remarks )
PASS -- TEST 'cpld_s2sa_p8_intel' [16:20, 08:37](3204 MB)

PASS -- COMPILE 's2sw_intel' [13:27, 11:00] ( 1 warnings 8 remarks )
PASS -- TEST 'cpld_control_noaero_p8_intel' [11:50, 05:07](1925 MB)
PASS -- TEST 'cpld_control_nowave_noaero_p8_intel' [14:21, 07:17](1979 MB)

PASS -- COMPILE 's2s_aoflux_intel' [12:25, 10:14] ( 1 remarks )
PASS -- TEST 'cpld_control_noaero_p8_agrid_intel' [12:08, 05:17](1976 MB)

PASS -- COMPILE 's2s_intel' [12:25, 10:22] ( 1 warnings 1 remarks )
PASS -- TEST 'cpld_control_c48_intel' [12:45, 06:23](2884 MB)
PASS -- TEST 'cpld_warmstart_c48_intel' [09:50, 02:31](2891 MB)
PASS -- TEST 'cpld_restart_c48_intel' [06:47, 01:37](2308 MB)

PASS -- COMPILE 's2swa_faster_intel' [18:34, 16:24] ( 1 warnings 8 remarks )
PASS -- TEST 'cpld_control_p8_faster_intel' [12:20, 08:30](3228 MB)

PASS -- COMPILE 's2sw_pdlib_intel' [16:30, 11:38] ( 1 warnings 8 remarks )
PASS -- TEST 'cpld_control_pdlib_p8_intel' [19:58, 15:45](1928 MB)
PASS -- TEST 'cpld_restart_pdlib_p8_intel' [13:18, 07:54](1105 MB)
PASS -- TEST 'cpld_mpi_pdlib_p8_intel' [24:18, 18:06](1894 MB)

PASS -- COMPILE 's2sw_pdlib_debug_intel' [10:24, 05:19] ( 1502 warnings 1948 remarks )
PASS -- TEST 'cpld_debug_pdlib_p8_intel' [31:18, 25:39](1965 MB)

PASS -- COMPILE 'atm_dyn32_intel' [15:32, 09:38] ( 1 warnings 1 remarks )
PASS -- TEST 'control_flake_intel' [06:40, 03:56](685 MB)
PASS -- TEST 'control_CubedSphereGrid_intel' [06:01, 02:35](1581 MB)
PASS -- TEST 'control_CubedSphereGrid_parallel_intel' [06:11, 02:51](1589 MB)
PASS -- TEST 'control_latlon_intel' [05:53, 02:44](1583 MB)
PASS -- TEST 'control_wrtGauss_netcdf_parallel_intel' [06:15, 02:45](1585 MB)
PASS -- TEST 'control_c48_intel' [10:37, 06:35](1594 MB)
PASS -- TEST 'control_c48.v2.sfc_intel' [11:13, 06:00](725 MB)
PASS -- TEST 'control_c48_lnd_iau_intel' [12:35, 06:27](1598 MB)
PASS -- TEST 'control_c192_intel' [13:32, 07:21](1707 MB)
PASS -- TEST 'control_c384_intel' [20:11, 09:01](1993 MB)
PASS -- TEST 'control_c384gdas_intel' [22:07, 09:28](1169 MB)
PASS -- TEST 'control_stochy_intel' [06:38, 01:59](645 MB)
PASS -- TEST 'control_stochy_restart_intel' [06:43, 01:19](407 MB)
PASS -- TEST 'control_lndp_intel' [07:37, 01:53](638 MB)
PASS -- TEST 'control_iovr4_intel' [08:41, 02:40](639 MB)
PASS -- TEST 'control_iovr5_intel' [07:44, 02:48](638 MB)
PASS -- TEST 'control_p8_intel' [09:55, 03:29](1866 MB)
PASS -- TEST 'control_p8.v2.sfc_intel' [10:41, 03:31](1863 MB)
PASS -- TEST 'control_p8_ugwpv1_intel' [10:37, 03:25](1864 MB)
PASS -- TEST 'control_restart_p8_intel' [06:53, 02:02](1014 MB)
PASS -- TEST 'control_noqr_p8_intel' [09:34, 03:16](1860 MB)
PASS -- TEST 'control_restart_noqr_p8_intel' [06:31, 02:06](1021 MB)
PASS -- TEST 'control_decomp_p8_intel' [10:08, 03:35](1853 MB)
PASS -- TEST 'control_2threads_p8_intel' [12:35, 06:14](1931 MB)
PASS -- TEST 'control_p8_lndp_intel' [10:10, 05:19](1864 MB)
PASS -- TEST 'control_p8_rrtmgp_intel' [11:40, 04:39](1917 MB)
PASS -- TEST 'control_p8_mynn_intel' [12:37, 03:25](1865 MB)
PASS -- TEST 'merra2_thompson_intel' [12:30, 03:49](1858 MB)
PASS -- TEST 'regional_control_intel' [11:11, 05:24](914 MB)
PASS -- TEST 'regional_restart_intel' [06:11, 03:34](904 MB)
PASS -- TEST 'regional_decomp_intel' [10:57, 05:54](914 MB)
PASS -- TEST 'regional_2threads_intel' [15:07, 08:37](1028 MB)
PASS -- TEST 'regional_noquilt_intel' [11:01, 05:36](1218 MB)
PASS -- TEST 'regional_netcdf_parallel_intel' [11:08, 05:35](914 MB)
PASS -- TEST 'regional_2dwrtdecomp_intel' [11:06, 05:57](914 MB)
PASS -- TEST 'regional_wofs_intel' [13:03, 07:36](1617 MB)

PASS -- COMPILE 'rrfs_intel' [13:32, 08:50] ( 3 warnings 92 remarks )
PASS -- TEST 'rap_control_intel' [11:47, 07:29](1021 MB)
PASS -- TEST 'regional_spp_sppt_shum_skeb_intel' [07:25, 04:41](1224 MB)
PASS -- TEST 'rap_decomp_intel' [14:41, 07:53](1008 MB)
PASS -- TEST 'rap_2threads_intel' [22:48, 16:12](1094 MB)
PASS -- TEST 'rap_restart_intel' [09:41, 04:02](783 MB)
PASS -- TEST 'rap_sfcdiff_intel' [12:25, 07:24](1020 MB)
PASS -- TEST 'rap_sfcdiff_decomp_intel' [12:09, 07:40](1011 MB)
PASS -- TEST 'rap_sfcdiff_restart_intel' [10:27, 05:37](792 MB)
PASS -- TEST 'hrrr_control_intel' [09:06, 04:00](1013 MB)
PASS -- TEST 'hrrr_control_decomp_intel' [08:46, 04:02](1012 MB)
PASS -- TEST 'hrrr_control_2threads_intel' [13:38, 08:14](1087 MB)
PASS -- TEST 'hrrr_control_restart_intel' [05:47, 02:15](760 MB)
PASS -- TEST 'rrfs_v1beta_intel' [12:25, 07:29](1012 MB)
PASS -- TEST 'rrfs_v1nssl_intel' [13:47, 09:49](1975 MB)
PASS -- TEST 'rrfs_v1nssl_nohailnoccn_intel' [12:44, 09:24](1966 MB)

PASS -- COMPILE 'csawmg_intel' [13:32, 08:09]
PASS -- TEST 'control_csawmg_intel' [10:11, 06:59](963 MB)
PASS -- TEST 'control_ras_intel' [06:42, 03:39](675 MB)

PASS -- COMPILE 'wam_intel' [13:31, 08:13] ( 1 remarks )
PASS -- TEST 'control_wam_intel' [15:30, 12:10](1665 MB)

PASS -- COMPILE 'atm_faster_dyn32_intel' [13:32, 08:31] ( 1 remarks )
PASS -- TEST 'control_p8_faster_intel' [08:35, 03:46](1863 MB)
PASS -- TEST 'regional_control_faster_intel' [08:07, 05:36](911 MB)

PASS -- COMPILE 'atm_debug_dyn32_intel' [12:32, 07:44] ( 867 warnings 92 remarks )
PASS -- TEST 'control_CubedSphereGrid_debug_intel' [06:10, 02:51](1615 MB)
PASS -- TEST 'control_wrtGauss_netcdf_parallel_debug_intel' [06:16, 03:03](1622 MB)
PASS -- TEST 'control_stochy_debug_intel' [05:39, 03:45](822 MB)
PASS -- TEST 'control_lndp_debug_intel' [05:40, 03:23](822 MB)
PASS -- TEST 'control_csawmg_debug_intel' [08:05, 05:00](1118 MB)
PASS -- TEST 'control_ras_debug_intel' [05:40, 03:24](829 MB)
PASS -- TEST 'control_diag_debug_intel' [06:11, 03:19](1681 MB)
PASS -- TEST 'control_debug_p8_intel' [06:01, 03:17](1908 MB)
PASS -- TEST 'regional_debug_intel' [21:47, 18:48](945 MB)
PASS -- TEST 'rap_control_debug_intel' [08:02, 05:45](1205 MB)
PASS -- TEST 'hrrr_control_debug_intel' [08:01, 05:50](1199 MB)
PASS -- TEST 'hrrr_gf_debug_intel' [07:59, 05:53](1200 MB)
PASS -- TEST 'hrrr_c3_debug_intel' [08:57, 05:43](1200 MB)
PASS -- TEST 'rap_unified_drag_suite_debug_intel' [08:47, 05:52](1203 MB)
PASS -- TEST 'rap_diag_debug_intel' [08:53, 06:00](1289 MB)
PASS -- TEST 'rap_cires_ugwp_debug_intel' [08:44, 05:56](1207 MB)
PASS -- TEST 'rap_unified_ugwp_debug_intel' [08:46, 05:56](1209 MB)
PASS -- TEST 'rap_lndp_debug_intel' [08:39, 05:54](1203 MB)
PASS -- TEST 'rap_progcld_thompson_debug_intel' [08:48, 05:49](1206 MB)
PASS -- TEST 'rap_noah_debug_intel' [08:43, 05:35](1199 MB)
PASS -- TEST 'rap_sfcdiff_debug_intel' [08:42, 05:38](1207 MB)
PASS -- TEST 'rap_noah_sfcdiff_cires_ugwp_debug_intel' [12:48, 09:03](1199 MB)
PASS -- TEST 'rrfs_v1beta_debug_intel' [09:40, 05:44](1194 MB)
PASS -- TEST 'rap_clm_lake_debug_intel' [09:44, 05:41](1205 MB)
PASS -- TEST 'rap_flake_debug_intel' [09:39, 05:47](1202 MB)
PASS -- TEST 'gnv1_c96_no_nest_debug_intel' [14:57, 09:44](1208 MB)

PASS -- COMPILE 'wam_debug_intel' [09:24, 04:34] ( 823 warnings 1 remarks )
PASS -- TEST 'control_wam_debug_intel' [18:17, 14:33](1710 MB)

PASS -- COMPILE 'rrfs_dyn32_phy32_intel' [10:24, 08:14] ( 3 warnings 91 remarks )
PASS -- TEST 'regional_spp_sppt_shum_skeb_dyn32_phy32_intel' [07:26, 04:24](1071 MB)
PASS -- TEST 'rap_control_dyn32_phy32_intel' [10:36, 06:12](888 MB)
PASS -- TEST 'hrrr_control_dyn32_phy32_intel' [08:07, 03:22](886 MB)
PASS -- TEST 'rap_2threads_dyn32_phy32_intel' [17:50, 13:50](935 MB)
PASS -- TEST 'hrrr_control_2threads_dyn32_phy32_intel' [12:39, 07:03](932 MB)
PASS -- TEST 'hrrr_control_decomp_dyn32_phy32_intel' [08:03, 03:44](889 MB)
PASS -- TEST 'rap_restart_dyn32_phy32_intel' [10:41, 04:47](763 MB)
PASS -- TEST 'hrrr_control_restart_dyn32_phy32_intel' [07:49, 02:03](730 MB)

PASS -- COMPILE 'rrfs_dyn32_phy32_faster_intel' [11:25, 08:06] ( 3 warnings 91 remarks )
PASS -- TEST 'conus13km_control_intel' [06:28, 02:23](1095 MB)
PASS -- TEST 'conus13km_2threads_intel' [08:07, 02:08](1076 MB)
PASS -- TEST 'conus13km_restart_mismatch_intel' [08:13, 01:42](787 MB)

PASS -- COMPILE 'rrfs_dyn64_phy32_intel' [11:24, 08:22] ( 3 warnings 91 remarks )
PASS -- TEST 'rap_control_dyn64_phy32_intel' [08:13, 04:30](922 MB)

PASS -- COMPILE 'rrfs_dyn32_phy32_debug_intel' [07:21, 04:30] ( 771 warnings 91 remarks )
PASS -- TEST 'rap_control_debug_dyn32_phy32_intel' [08:43, 05:30](1078 MB)
PASS -- TEST 'hrrr_control_debug_dyn32_phy32_intel' [08:46, 05:23](1078 MB)
PASS -- TEST 'conus13km_debug_intel' [18:53, 14:52](1169 MB)
PASS -- TEST 'conus13km_debug_qr_intel' [19:37, 15:12](877 MB)
PASS -- TEST 'conus13km_debug_2threads_intel' [25:42, 22:58](1150 MB)
PASS -- TEST 'conus13km_radar_tten_debug_intel' [17:23, 14:54](1232 MB)

PASS -- COMPILE 'rrfs_dyn64_phy32_debug_intel' [06:21, 04:31] ( 771 warnings 91 remarks )
PASS -- TEST 'rap_control_dyn64_phy32_debug_intel' [07:45, 05:35](1106 MB)

PASS -- COMPILE 'hafsw_intel' [11:25, 10:07] ( 1 warnings 8 remarks )
PASS -- TEST 'hafs_regional_atm_intel' [10:50, 07:03](710 MB)
PASS -- TEST 'hafs_regional_atm_thompson_gfdlsf_intel' [10:50, 07:59](1081 MB)
PASS -- TEST 'hafs_regional_atm_ocn_intel' [12:23, 08:10](765 MB)
PASS -- TEST 'hafs_regional_atm_wav_intel' [17:00, 13:30](802 MB)
PASS -- TEST 'hafs_regional_atm_ocn_wav_intel' [21:43, 14:24](822 MB)
PASS -- TEST 'hafs_regional_1nest_atm_intel' [09:38, 06:18](475 MB)
PASS -- TEST 'hafs_regional_telescopic_2nests_atm_intel' [15:11, 08:27](486 MB)
PASS -- TEST 'hafs_global_1nest_atm_intel' [09:48, 03:34](381 MB)
PASS -- TEST 'hafs_global_multiple_4nests_atm_intel' [20:39, 09:42](452 MB)
PASS -- TEST 'hafs_regional_specified_moving_1nest_atm_intel' [11:20, 04:33](502 MB)
PASS -- TEST 'hafs_regional_storm_following_1nest_atm_intel' [12:24, 04:27](501 MB)
PASS -- TEST 'hafs_regional_storm_following_1nest_atm_ocn_intel' [14:33, 05:39](565 MB)
PASS -- TEST 'hafs_global_storm_following_1nest_atm_intel' [09:47, 02:16](413 MB)

PASS -- COMPILE 'hafsw_debug_intel' [06:19, 04:54] ( 1446 warnings 1451 remarks )
PASS -- TEST 'hafs_regional_storm_following_1nest_atm_ocn_debug_intel' [24:36, 15:10](620 MB)

PASS -- COMPILE 'hafsw_faster_intel' [11:25, 09:30] ( 7 remarks )
PASS -- TEST 'hafs_regional_storm_following_1nest_atm_ocn_wav_intel' [18:39, 08:42](611 MB)
PASS -- TEST 'hafs_regional_storm_following_1nest_atm_ocn_wav_inline_intel' [21:48, 08:57](791 MB)

PASS -- COMPILE 'hafs_mom6w_intel' [11:25, 10:05] ( 7 remarks )
PASS -- TEST 'hafs_regional_storm_following_1nest_atm_ocn_wav_mom6_intel' [20:09, 07:04](780 MB)

PASS -- COMPILE 'hafs_all_intel' [11:25, 09:24] ( 7 remarks )
PASS -- TEST 'hafs_regional_docn_intel' [18:03, 08:03](761 MB)
PASS -- TEST 'hafs_regional_docn_oisst_intel' [16:57, 07:59](739 MB)
PASS -- TEST 'hafs_regional_datm_cdeps_intel' [21:47, 16:07](894 MB)

PASS -- COMPILE 'atm_ds2s_docn_pcice_intel' [11:24, 09:57] ( 1 remarks )
PASS -- TEST 'atm_ds2s_docn_pcice_intel' [11:08, 04:15](1920 MB)

PASS -- COMPILE 'atml_intel' [14:28, 09:54] ( 9 warnings 2 remarks )

PASS -- COMPILE 'atml_debug_intel' [10:26, 06:01] ( 872 warnings 2 remarks )

PASS -- COMPILE 'atmaero_intel' [13:27, 08:40] ( 1 remarks )
PASS -- TEST 'atmaero_control_p8_intel' [12:28, 04:57](3121 MB)
PASS -- TEST 'atmaero_control_p8_rad_intel' [12:21, 05:11](3007 MB)
PASS -- TEST 'atmaero_control_p8_rad_micro_intel' [13:08, 05:22](3013 MB)

PASS -- COMPILE 'atmaq_debug_intel' [09:24, 04:36] ( 868 warnings 6 remarks )
FAILED: UNABLE TO COMPLETE COMPARISON -- TEST 'regional_atmaq_debug_intel' [, ]( MB)

SYNOPSIS:
Starting Date/Time: 20250305 15:28:45
Ending Date/Time: 20250305 17:49:24
Total Time: 02h:21m:46s
Compiles Completed: 34/34
Tests Completed: 154/157
Failed Tests:
* TEST cpld_control_gefs_intel: FAILED: UNABLE TO COMPLETE COMPARISON
-- LOG: /lfs/h2/emc/nems/noscrub/brian.curtis/git/rhaesung/ufs-weather-model/tests/logs/log_wcoss2/run_cpld_control_gefs_intel.log
* TEST cpld_restart_gefs_intel: FAILED: UNABLE TO START TEST
-- LOG: N/A
* TEST regional_atmaq_debug_intel: FAILED: UNABLE TO COMPLETE COMPARISON
-- LOG: /lfs/h2/emc/nems/noscrub/brian.curtis/git/rhaesung/ufs-weather-model/tests/logs/log_wcoss2/run_regional_atmaq_debug_intel.log

NOTES:
A file 'test_changes.list' was generated with list of all failed tests.
You can use './rt.sh -c -b test_changes.list' to create baselines for the failed tests.
If you are using this log as a pull request verification, please commit 'test_changes.list'.

Result: FAILURE

====END OF WCOSS2 REGRESSION TESTING LOG====
====START OF WCOSS2 REGRESSION TESTING LOG====

UFSWM hash used in testing:
ab663d77177dfd818ea342fbaa084f59f7349cbe

Submodule hashes used in testing:
 37cbb7d6840ae7515a9a8f0dfd4d89461b3396d1 AQM (v0.2.0-37-g37cbb7d)
 be5d28fd1b60522e6fc98aefeead20e6aac3530b AQM/src/model/CMAQ (CMAQv5.2.1_07Feb2018-198-gbe5d28fd1)
 2eccb9f74ebd8dfc09b53d15f5a96c847b77c443 CDEPS-interface/CDEPS (cdeps0.4.17-310-g2eccb9f)
 4411a158cc4839157e3087d7fe8e399f9685eb35 CICE-interface/CICE (CICE6.0.0-399-g4411a15)
 43ead56380bf11ecad66f165dcd736ed0c278763 CICE-interface/CICE/icepack (Icepack1.1.0-200-g43ead56)
 cdbed6c48c2626e67ee5c071947d991e6f0fbc2e CMEPS-interface/CMEPS (cmeps_v0.4.1-2314-gcdbed6c)
 cabd7753ae17f7bfcc6dad56daf10868aa51c3f4 CMakeModules (v1.0.0-28-gcabd775)
 454d95fa3b17eba939e663d15d0a2c074214864a FV3 (remotes/origin/conv_hr5update)
 0519df1af731548b1e35aa5685a35605e3e66d5a FV3/atmos_cubed_sphere (remotes/origin/user/lec/mergetest-128-g0519df1)
 9e1c3abe1048c0f18c53fdbb7113bc56a129bdf5 FV3/ccpp/framework (2024-07-11-dev-2-g9e1c3ab)
 52331b2400eb4a8b87641f86a3751acd0d0dd672 FV3/ccpp/physics (remotes/origin/conv_hr5update)
 74a0e098b2163425e4b5466c2dfcf8ae26d560a5 FV3/ccpp/physics/physics/Radiation/RRTMGP/rte-rrtmgp (v1.6)
 d1f616733919c183a796e9c4d8207c712c62b095 FV3/upp (upp_v10.2.0-256-gd1f61673)
-179cae1dd84401cf25d250bd9102e66560a9d328 FV3/upp/sorc/libIFI.fd
-529f870d33b65c3b6c1aa3c3236b94efc3bd336d FV3/upp/sorc/ncep_post.fd/post_gtg.fd
 041422934cae1570f2f0e67239d5d89f11c6e1b7 GOCART (sdr_v2.1.2.6-119-g0414229)
 bcf7777bb037ae2feb2a8a8ac51aacb3511b52d9 HYCOM-interface/HYCOM (2.3.00-122-gbcf7777)
 c4d2337d8607ec994b3cd61179eb974e0a237841 LM4-driver (baseline_change_240904-6-gc4d2337)
 c03c4f68816030f726785daf0db6150aa1e9cc6f LM4-driver/LM4 (land_lad2_2021.02)
 6fff0955a123c1dea8d70f31271e13d320ff8552 MOM6-interface/MOM6 (dev/master/repository_split_2014.10.10-10366-g6fff0955a)
 9423197f894112edfcb1502245f7d7b873d551f9 MOM6-interface/MOM6/pkg/CVMix-src (9423197)
 29e64d652786e1d076a05128c920f394202bfe10 MOM6-interface/MOM6/pkg/GSW-Fortran (29e64d6)
 1a2d2fcb02da38e975f252ef743af24b68b3cc7f NOAHMP-interface/noahmp (v3.7.1-455-g1a2d2fc)
 f1f14d582835ef77626aaf44146a53d60920a0f7 WW3 (6.07.1-386-gf1f14d58)
 05cad173feeb598431e3ef5f17c2df6562c8d101 fire_behavior (v0.2.0-1-g05cad17)
 fad2fe9f42f6b7f744b128b4a2a9433f91e4296f stochastic_physics (ufs-v2.0.0-219-gfad2fe9)


NOTES:
[Times](Memory) are at the end of each compile/test in format [MM:SS](Size).
The first time is for the full script (prep+run+finalize).
The second time is specifically for the run phase.
Times/Memory will be empty for failed tests.

BASELINE DIRECTORY: /lfs/h2/emc/nems/noscrub/emc.nems/RT/NEMSfv3gfs/develop-20250303
COMPARISON DIRECTORY: /lfs/h2/emc/ptmp/brian.curtis/FV3_RT/rt_3346693

RT.SH OPTIONS USED:
* (-a) - HPC PROJECT ACCOUNT: GFS-DEV
* (-b) - NEW BASELINES FROM FILE: test_changes.list
* (-e) - USE ECFLOW

PASS -- COMPILE 's2swa_32bit_intel' [14:31, 11:45] ( 1 warnings 8 remarks )
PASS -- TEST 'cpld_control_gefs_intel' [42:07, 18:23](4314 MB)
PASS -- TEST 'cpld_restart_gefs_intel' [27:46, 09:07](4115 MB)

PASS -- COMPILE 'atmaq_debug_intel' [07:21, 04:37] ( 868 warnings 6 remarks )
PASS -- TEST 'regional_atmaq_debug_intel' [30:30, 23:56](4464 MB)

SYNOPSIS:
Starting Date/Time: 20250305 20:12:50
Ending Date/Time: 20250305 21:38:40
Total Time: 01h:26m:22s
Compiles Completed: 2/2
Tests Completed: 3/3

NOTES:
A file 'test_changes.list' was generated but is empty.
If you are using this log as a pull request verification, please commit 'test_changes.list'.

Result: SUCCESS

====END OF WCOSS2 REGRESSION TESTING LOG====
